Performing C SOURCE FILE Test CMAKE_HAVE_LIBC_PTHREAD failed with the following output:
Change Dir: /export/home/stud/s309164/Desktop/lab02/cmake-build-debug/CMakeFiles/CMakeTmp

Run Build Command(s):/opt/clion-2022.3.2/bin/ninja/linux/x64/ninja cmTC_d7ed4 && [1/2] Building C object CMakeFiles/cmTC_d7ed4.dir/src.c.o
[2/2] Linking C executable cmTC_d7ed4
[31mFAILED: [0mcmTC_d7ed4 
: && /usr/bin/cc   CMakeFiles/cmTC_d7ed4.dir/src.c.o -o cmTC_d7ed4   && :
CMakeFiles/cmTC_d7ed4.dir/src.c.o: In function `main':
src.c:(.text+0x3e): undefined reference to `pthread_create'
src.c:(.text+0x4a): undefined reference to `pthread_detach'
src.c:(.text+0x56): undefined reference to `pthread_cancel'
src.c:(.text+0x67): undefined reference to `pthread_join'
src.c:(.text+0x7b): undefined reference to `pthread_atfork'
collect2: error: ld returned 1 exit status
ninja: build stopped: subcommand failed.


Source file was:
#include <pthread.h>

static void* test_func(void* data)
{
  return data;
}

int main(void)
{
  pthread_t thread;
  pthread_create(&thread, NULL, test_func, NULL);
  pthread_detach(thread);
  pthread_cancel(thread);
  pthread_join(thread, NULL);
  pthread_atfork(NULL, NULL, NULL);
  pthread_exit(NULL);

  return 0;
}

